2020-11-18 00:31:04,052 TRACE com.concepts.spring.controller.ParserController [http-nio-8080-exec-4] file dto ingested
2020-11-18 00:31:04,055 TRACE com.concepts.spring.services.FileParserService [http-nio-8080-exec-4] processing fileDto
2020-11-18 00:31:04,055 TRACE com.concepts.spring.services.parser.JSonParser [http-nio-8080-exec-4] json parser accessed
2020-11-18 00:31:04,072 TRACE com.concepts.spring.repository.MemoryFileRepository [http-nio-8080-exec-4] node saved
2020-11-18 00:31:04,072 INFO com.concepts.spring.repository.MemoryFileRepository [http-nio-8080-exec-4] saved node id: b4190a0c-8ced-46e3-ba11-2655b1707ac4
2020-11-18 00:31:12,658 TRACE com.concepts.spring.controller.DocumentAssemblerController [http-nio-8080-exec-5] document assembler runner started
2020-11-18 00:31:12,659 INFO com.concepts.spring.services.DocumentAssemblerService [http-nio-8080-exec-5] processed node id: b4190a0c-8ced-46e3-ba11-2655b1707ac4
2020-11-18 00:31:35,210 TRACE com.concepts.spring.controller.DocumentAssemblerController [http-nio-8080-exec-6] document assembler runner started
2020-11-18 00:31:35,211 INFO com.concepts.spring.services.DocumentAssemblerService [http-nio-8080-exec-6] processed node id: b4190a0c-8ced-46e3-ba11-2655b1707ac4
2020-11-18 00:31:35,834 TRACE com.concepts.spring.controller.DocumentAssemblerController [http-nio-8080-exec-7] document assembler runner started
2020-11-18 00:31:35,835 INFO com.concepts.spring.services.DocumentAssemblerService [http-nio-8080-exec-7] processed node id: b4190a0c-8ced-46e3-ba11-2655b1707ac4
2020-11-18 00:31:36,465 TRACE com.concepts.spring.controller.DocumentAssemblerController [http-nio-8080-exec-8] document assembler runner started
2020-11-18 00:31:36,465 INFO com.concepts.spring.services.DocumentAssemblerService [http-nio-8080-exec-8] processed node id: b4190a0c-8ced-46e3-ba11-2655b1707ac4
2020-11-18 00:31:37,011 TRACE com.concepts.spring.controller.DocumentAssemblerController [http-nio-8080-exec-9] document assembler runner started
2020-11-18 00:31:37,011 INFO com.concepts.spring.services.DocumentAssemblerService [http-nio-8080-exec-9] processed node id: b4190a0c-8ced-46e3-ba11-2655b1707ac4
2020-11-18 00:31:39,480 TRACE com.concepts.spring.controller.DocumentAssemblerController [http-nio-8080-exec-10] document assembler runner started
2020-11-18 00:31:39,480 INFO com.concepts.spring.services.DocumentAssemblerService [http-nio-8080-exec-10] processed node id: b4190a0c-8ced-46e3-ba11-2655b1707ac4
2020-11-18 00:31:40,078 TRACE com.concepts.spring.controller.DocumentAssemblerController [http-nio-8080-exec-1] document assembler runner started
2020-11-18 00:31:40,079 INFO com.concepts.spring.services.DocumentAssemblerService [http-nio-8080-exec-1] processed node id: b4190a0c-8ced-46e3-ba11-2655b1707ac4
2020-11-18 00:31:40,594 TRACE com.concepts.spring.controller.DocumentAssemblerController [http-nio-8080-exec-2] document assembler runner started
2020-11-18 00:31:40,594 INFO com.concepts.spring.services.DocumentAssemblerService [http-nio-8080-exec-2] processed node id: b4190a0c-8ced-46e3-ba11-2655b1707ac4
2020-11-18 00:31:41,102 TRACE com.concepts.spring.controller.DocumentAssemblerController [http-nio-8080-exec-3] document assembler runner started
2020-11-18 00:31:41,103 INFO com.concepts.spring.services.DocumentAssemblerService [http-nio-8080-exec-3] processed node id: b4190a0c-8ced-46e3-ba11-2655b1707ac4
2020-11-18 00:31:41,486 TRACE com.concepts.spring.controller.DocumentAssemblerController [http-nio-8080-exec-4] document assembler runner started
2020-11-18 00:31:41,487 INFO com.concepts.spring.services.DocumentAssemblerService [http-nio-8080-exec-4] processed node id: b4190a0c-8ced-46e3-ba11-2655b1707ac4
2020-11-18 00:31:41,833 TRACE com.concepts.spring.controller.DocumentAssemblerController [http-nio-8080-exec-5] document assembler runner started
2020-11-18 00:31:41,834 INFO com.concepts.spring.services.DocumentAssemblerService [http-nio-8080-exec-5] processed node id: b4190a0c-8ced-46e3-ba11-2655b1707ac4
2020-11-18 00:31:42,210 TRACE com.concepts.spring.controller.DocumentAssemblerController [http-nio-8080-exec-6] document assembler runner started
2020-11-18 00:31:42,211 INFO com.concepts.spring.services.DocumentAssemblerService [http-nio-8080-exec-6] processed node id: b4190a0c-8ced-46e3-ba11-2655b1707ac4
2020-11-18 00:31:42,532 TRACE com.concepts.spring.controller.DocumentAssemblerController [http-nio-8080-exec-7] document assembler runner started
2020-11-18 00:31:42,532 INFO com.concepts.spring.services.DocumentAssemblerService [http-nio-8080-exec-7] processed node id: b4190a0c-8ced-46e3-ba11-2655b1707ac4
2020-11-18 00:31:42,883 TRACE com.concepts.spring.controller.DocumentAssemblerController [http-nio-8080-exec-8] document assembler runner started
2020-11-18 00:31:42,883 INFO com.concepts.spring.services.DocumentAssemblerService [http-nio-8080-exec-8] processed node id: b4190a0c-8ced-46e3-ba11-2655b1707ac4
2020-11-18 00:31:43,198 TRACE com.concepts.spring.controller.DocumentAssemblerController [http-nio-8080-exec-9] document assembler runner started
